[02:20:45] [ServerMain/INFO]: [bootstrap] Running Java 21 (OpenJDK 64-Bit Server VM 21.0.8+9-Ubuntu-0ubuntu124.04.1; Ubuntu null) on Linux 6.8.0-1030-azure (amd64)
[02:20:45] [ServerMain/INFO]: [bootstrap] Loading Paper 1.21-130-master@b1b5d4c (2024-08-10T10:02:42Z) for Minecraft 1.21
[02:20:45] [ServerMain/INFO]: [PluginInitializerManager] Initializing plugins...
[02:20:51] [ServerMain/INFO]: [PluginInitializerManager] Initialized 5 plugins
[02:20:51] [ServerMain/INFO]: [PluginInitializerManager] Bukkit plugins (5):
 - Geyser-Spigot (2.8.3-SNAPSHOT), OpenAudioMc (6.10.14), ViaBackwards (5.4.2), ViaVersion (5.4.1), floodgate (2.2.4-SNAPSHOT (b118-40d320a))
[02:20:57] [ServerMain/INFO]: Environment: Environment[sessionHost=https://sessionserver.mojang.com, servicesHost=https://api.minecraftservices.com, name=PROD]
[02:21:00] [ServerMain/INFO]: Loaded 1290 recipes
[02:21:01] [ServerMain/INFO]: Loaded 1399 advancements
[02:21:01] [Server thread/INFO]: Starting minecraft server version 1.21
[02:21:01] [Server thread/INFO]: Loading properties
[02:21:01] [Server thread/INFO]: This server is running Paper version 1.21-130-master@b1b5d4c (2024-08-10T10:02:42Z) (Implementing API version 1.21-R0.1-SNAPSHOT)
[02:21:02] [Server thread/INFO]: [spark] This server bundles the spark profiler. For more information please visit https://docs.papermc.io/paper/profiling
[02:21:02] [Server thread/INFO]: Server Ping Player Sample Count: 12
[02:21:02] [Server thread/INFO]: Using 4 threads for Netty based IO
[02:21:04] [Server thread/INFO]: [ChunkTaskScheduler] Chunk system is using 1 I/O threads, 1 worker threads, and population gen parallelism of 1 threads
[02:21:04] [Server thread/INFO]: Default game type: SURVIVAL
[02:21:04] [Server thread/INFO]: Generating keypair
[02:21:04] [Server thread/INFO]: Starting Minecraft server on *:25565
[02:21:05] [Server thread/INFO]: Using epoll channel type
[02:21:05] [Server thread/INFO]: Paper: Using libdeflate (Linux x86_64) compression from Velocity.
[02:21:05] [Server thread/INFO]: Paper: Using OpenSSL 3.0.x (Linux x86_64) cipher from Velocity.
[02:21:07] [Server thread/INFO]: [ViaVersion] Loading server plugin ViaVersion v5.4.1
[02:21:07] [Server thread/INFO]: [ViaVersion] ViaVersion 5.4.1 is now loaded. Registering protocol transformers and injecting...
[02:21:10] [Via-Mappingloader-0/INFO]: [ViaVersion] Loading block connection mappings ...
[02:21:10] [Via-Mappingloader-0/INFO]: [ViaVersion] Using FastUtil Long2ObjectOpenHashMap for block connections
[02:21:13] [Server thread/INFO]: [ViaBackwards] Loading translations...
[02:21:13] [Server thread/INFO]: [ViaBackwards] Registering protocols...
[02:21:16] [Server thread/INFO]: [floodgate] Loading server plugin floodgate v2.2.4-SNAPSHOT (b118-40d320a)
[02:21:19] [Server thread/WARN]: [floodgate] en_ is not a supported Floodgate language.
[02:21:19] [Server thread/INFO]: [floodgate] Took 3,032ms to boot Floodgate
[02:21:19] [Server thread/INFO]: [ViaBackwards] Loading server plugin ViaBackwards v5.4.2
[02:21:19] [Server thread/INFO]: [OpenAudioMc] Loading server plugin OpenAudioMc v6.10.14
[02:21:19] [Server thread/INFO]: [Geyser-Spigot] Loading server plugin Geyser-Spigot v2.8.3-SNAPSHOT
[02:21:22] [Server thread/INFO]: [Geyser-Spigot] Loading extensions...
[02:21:22] [Server thread/INFO]: [Geyser-Spigot] Loaded 0 extension(s)
[02:21:22] [Server thread/INFO]: Server permissions file permissions.yml is empty, ignoring it
[02:21:22] [Server thread/INFO]: Preparing level "world"
[02:21:22] [Server thread/INFO]: Preparing start region for dimension minecraft:overworld
[02:21:25] [Server thread/INFO]: Time elapsed: 2623 ms
[02:21:25] [Server thread/INFO]: Preparing start region for dimension minecraft:the_nether
[02:21:25] [Server thread/INFO]: Time elapsed: 472 ms
[02:21:25] [Server thread/INFO]: Preparing start region for dimension minecraft:the_end
[02:21:26] [Server thread/INFO]: Time elapsed: 301 ms
[02:21:26] [Server thread/INFO]: [ViaVersion] Enabling ViaVersion v5.4.1
[02:21:26] [Server thread/INFO]: [ViaVersion] ViaVersion detected server version: 1.21-1.21.1 (767)
[02:21:26] [Server thread/INFO]: [floodgate] Enabling floodgate v2.2.4-SNAPSHOT (b118-40d320a)
[02:21:28] [Server thread/INFO]: [ViaBackwards] Enabling ViaBackwards v5.4.2
[02:21:28] [Server thread/INFO]: [OpenAudioMc] Enabling OpenAudioMc v6.10.14
[02:21:29] [Server thread/INFO]: [OpenAudioMc] [info] Starting OpenAudioMc, build 1549 by Mats
[02:21:29] [Server thread/INFO]: [OpenAudioMc] [info] Using the main config file..
[02:21:29] [Server thread/INFO]: [OpenAudioMc] [info] Starting configuration module
[02:21:29] [Server thread/INFO]: [OpenAudioMc] [info] Using the main config file..
[02:21:29] [Server thread/INFO]: [OpenAudioMc] [info] Starting configuration module
[02:21:29] [Server thread/INFO]: [OpenAudioMc] [info] Detected md_5 chat support, using default user adapter
[02:21:29] [Server thread/INFO]: [OpenAudioMc] [info] Skipped 46/46 migrations.
[02:21:29] [Server thread/INFO]: [OpenAudioMc] [info] ModuleLoaderService: Loading modules from /workspaces/ssihfidsuhkibguadsikjfb/servidor_minecraft/plugins/OpenAudioMc/modules
[02:21:29] [Server thread/INFO]: [OpenAudioMc] [info] Using networking class com.craftmend.openaudiomc.generic.networking.DefaultNetworkingService
[02:21:29] [Server thread/INFO]: [OpenAudioMc] [info] Initializing connection service...
[02:21:29] [Server thread/INFO]: [OpenAudioMc] [info] Starting authentication module
[02:21:29] [Server thread/INFO]: [OpenAudioMc] [info] This server already has an account, skipping sign up.
[02:21:30] [Server thread/INFO]: [OpenAudioMc] [info] DatabaseService: Adding spigot tables
[02:21:30] [Server thread/INFO]: [OpenAudioMc] [info] Registering storage table for Alias
[02:21:30] [Server thread/INFO]: [OpenAudioMc] [info] DatabaseService: Registering class <-> table (alias<->Alias.java)
[02:21:30] [Server thread/INFO]: [OpenAudioMc] [info] Registering storage table for ClientDataStore
[02:21:30] [Server thread/INFO]: [OpenAudioMc] [info] DatabaseService: Registering class <-> table (client_data_store<->ClientDataStore.java)
[02:21:30] [Server thread/INFO]: [OpenAudioMc] [info] Registering storage table for MojangProfile
[02:21:30] [Server thread/INFO]: [OpenAudioMc] [info] DatabaseService: Registering class <-> table (mojang_profile<->MojangProfile.java)
[02:21:30] [Server thread/INFO]: [OpenAudioMc] [info] Registering storage table for RegionProperties
[02:21:30] [Server thread/INFO]: [OpenAudioMc] [info] DatabaseService: Registering class <-> table (region_properties<->RegionProperties.java)
[02:21:30] [Server thread/INFO]: [OpenAudioMc] [info] Registering storage table for Speaker
[02:21:30] [Server thread/INFO]: [OpenAudioMc] [info] DatabaseService: Registering class <-> table (speaker<->Speaker.java)
[02:21:30] [Server thread/INFO]: [OpenAudioMc] [info] Registering storage table for StoredWorldChunk
[02:21:30] [Server thread/INFO]: [OpenAudioMc] [info] DatabaseService: Registering class <-> table (stored_world_chunk<->StoredWorldChunk.java)
[02:21:30] [Server thread/INFO]: [OpenAudioMc] [info] Registering storage table for TimedRegionProperties
[02:21:30] [Server thread/INFO]: [OpenAudioMc] [info] DatabaseService: Registering class <-> table (timed_region_properties<->TimedRegionProperties.java)
[02:21:30] [Server thread/INFO]: [OpenAudioMc] [info] Registering storage table for MediaRule
[02:21:30] [Server thread/INFO]: [OpenAudioMc] [info] DatabaseService: Registering class <-> table (media_rule<->MediaRule.java)
[02:21:30] [Server thread/INFO]: [OpenAudioMc] [info] Initializing account details
[02:21:34] [Server thread/INFO]: [OpenAudioMc] [info] The server is empty! ignoring voice chat.
[02:21:34] [Server thread/INFO]: [OpenAudioMc] [info] Loading aliases...
[02:21:34] [Server thread/INFO]: [OpenAudioMc] [info] Loaded 0 aliases
[02:21:34] [Server thread/INFO]: [OpenAudioMc] [info] Enabling the 1.13 speaker system
[02:21:34] [Server thread/INFO]: [OpenAudioMc] [info] Starting redstone speaker tick task with interval 5 ticks
[02:21:34] [Server thread/INFO]: [OpenAudioMc] [info] Registering storage table for Playlist
[02:21:34] [Server thread/INFO]: [OpenAudioMc] [info] DatabaseService: Registering class <-> table (playlists<->Playlist.java)
[02:21:34] [Server thread/INFO]: [OpenAudioMc] [info] Registering storage table for PlaylistEntry
[02:21:34] [Server thread/INFO]: [OpenAudioMc] [info] DatabaseService: Registering class <-> table (playlist_entries<->PlaylistEntry.java)
[02:21:34] [Server thread/INFO]: [OpenAudioMc] [info] Purged 1 stale media chunks from database.
[02:21:34] [Server thread/INFO]: [OpenAudioMc] [info] Loaded 0 media chunks from file.
[02:21:34] [Server thread/INFO]: [OpenAudioMc] [info] Loading static voice channels..
[02:21:34] [Server thread/INFO]: [OpenAudioMc] [info] Created static channel: survival
[02:21:34] [Server thread/INFO]: [OpenAudioMc] [info] Created static channel: off-topic
[02:21:34] [Server thread/INFO]: [OpenAudioMc] [info] Created static channel: staff-chat
[02:21:34] [Server thread/INFO]: [OpenAudioMc] [info] Created static channel: admin-chat
[02:21:34] [Server thread/INFO]: [OpenAudioMc] [info] Loaded 4 static voice channels
[02:21:35] [Server thread/INFO]: [OpenAudioMc] [info] Starting and loading took 27604MS
[02:21:35] [Server thread/INFO]: [Geyser-Spigot] Enabling Geyser-Spigot v2.8.3-SNAPSHOT
[02:21:39] [Server thread/INFO]: [spark] Starting background profiler...
[02:21:40] [Server thread/INFO]: [Geyser-Spigot] ******************************************
[02:21:40] [Server thread/INFO]: [Geyser-Spigot] 
[02:21:40] [Server thread/INFO]: [Geyser-Spigot] Loading Geyser version 2.8.3-b902 (git-master-a41cc9e)
[02:21:40] [Server thread/INFO]: [Geyser-Spigot] 
[02:21:40] [Server thread/INFO]: [Geyser-Spigot] ******************************************
[02:21:48] [GeyserServer-3-1/INFO]: [Geyser-Spigot] Started Geyser on UDP port 4152
[02:21:49] [Server thread/INFO]: [Geyser-Spigot] Done (8.726s)! Run /geyser help for help!
[02:21:50] [Server thread/INFO]: Done preparing level "world" (27.932s)
[02:21:50] [Server thread/INFO]: Running delayed init tasks
[02:21:50] [Craft Scheduler Thread - 5 - ViaVersion/INFO]: [ViaVersion] Finished mapping loading, shutting down loader executor.
[02:21:50] [Server thread/INFO]: Done (66.804s)! For help, type "help"
[02:21:50] [Server thread/INFO]: Timings Reset
[02:21:50] [Server thread/WARN]: [ViaVersion] There is a newer plugin version available: 5.4.2, you're on: 5.4.1
[02:22:19] [GeyserServerChild-4-1/INFO]: [Geyser-Spigot] Player connected with username Neuvillette4664
[02:22:19] [localSession-7-2/INFO]: [Geyser-Spigot] Neuvillette4664 (logged in as: Neuvillette4664) has connected to the Java server
[02:22:20] [Server thread/INFO]: [floodgate] Floodgate player logged in as .Neuvillette4664 joined (UUID: 00000000-0000-0000-0009-01fbefaa2faf)
[02:22:20] [Server thread/INFO]: .Neuvillette4664 joined the game
[02:22:21] [Server thread/INFO]: .Neuvillette4664[/127.187.188.19:0] logged in with entity id 62 at ([world]-105.5, 75.0, 0.5)
[02:22:25] [Server thread/WARN]: Can't keep up! Is the server overloaded? Running 2525ms or 50 ticks behind
[02:22:29] [Craft Scheduler Thread - 5 - OpenAudioMc/INFO]: [OpenAudioMc] [info] Attempting to login to voice chat...
[02:22:29] [OaVoiceWorker/INFO]: [OpenAudioMc] [info] Voice chat connected!
[02:22:48] [GeyserServerChild-4-2/INFO]: [Geyser-Spigot] Player connected with username Jhonsts35
[02:22:48] [localSession-7-3/INFO]: [Geyser-Spigot] Jhonsts35 (logged in as: Jhonsts35) has connected to the Java server
[02:22:48] [Server thread/INFO]: [floodgate] Floodgate player logged in as .Jhonsts35 joined (UUID: 00000000-0000-0000-0009-01f23774cc77)
[02:22:48] [Server thread/INFO]: .Jhonsts35 joined the game
[02:22:48] [Server thread/INFO]: .Jhonsts35[/127.2.177.208:0] logged in with entity id 290 at ([world]-85.15916, 73.0, -11.705203)
[02:23:07] [Server thread/INFO]: .Jhonsts35 issued server command: /audio BOXU
[02:23:44] [Server thread/INFO]: .Neuvillette4664 issued server command: /audio wura
[02:24:35] [Server thread/INFO]: .Jhonsts35 issued server command: /micmute
[02:24:37] [Server thread/INFO]: .Jhonsts35 issued server command: /micmute
[02:25:42] [Server thread/INFO]: .Neuvillette4664 issued server command: /audio
[02:25:55] [Server thread/INFO]: .Neuvillette4664 issued server command: /audio wura
[02:27:17] [Server thread/INFO]: .Neuvillette4664 issued server command: /audio BENO
[02:27:17] [Server thread/INFO]: .Jhonsts35 issued server command: /audio KAZO
[02:28:35] [Server thread/INFO]: .Neuvillette4664 issued server command: /audio JOSO
[02:28:51] [Server thread/INFO]: .Neuvillette4664 has made the advancement [Monster Hunter]
[02:29:41] [Server thread/INFO]: .Jhonsts35 was slain by Spider
[02:30:01] [EventThread/WARN]: [OpenAudioMc] WARNING: §cAdmin message: §eThis server is not yet linked to an admin account! Please link your server using "/oa link" to unlock full functionality.
[02:30:01] [Async Chat Thread - #0/INFO]: [Not Secure] <.Neuvillette4664> me saco otra vez
[02:30:09] [Async Chat Thread - #0/INFO]: [Not Secure] <.Neuvillette4664> tengo que instalar la app
